<?xml version="1.0" encoding="UTF-8"?>
<!-- Generated by org.testng.reporters.JUnitReportReporter -->
<testsuite hostname="LakshmanReddy" failures="0" tests="1" name="testscripts.TC02_LoginLogout" time="4.602" errors="0" timestamp="2021-10-18T16:42:33 GMT-04:00" skipped="0">
  <testcase classname="testscripts.TC02_LoginLogout" name="login_logout" time="4.602"/>
  <system-out/>
</testsuite> <!-- testscripts.TC02_LoginLogout -->
